-------------------------------------------------------------------------------
Test set: TestSuite
-------------------------------------------------------------------------------
Tests run: 1, Failures: 1, Errors: 0, Skipped: 0, Time elapsed: 0.998 s <<< FAILURE! - in TestSuite
runners.Runner.runScenario["I navigate to google", "Test demo"](1)  Time elapsed: 0.094 s  <<< FAILURE!
java.lang.NullPointerException: Cannot invoke "org.openqa.selenium.WebDriver.get(String)" because "this.driver" is null
	at step_defs.StepDefinitions.i_navigate_to_google_home_page(StepDefinitions.java:32)
	at âœ½.I navigate to google home page(file:///Users/sarthakdayanand/Documents/HMRCDigital/DevWorkspace/TestAutomationDemo/src/test/resources/features/demo.feature:5)

