<?xml version="1.0" encoding="UTF-8"?>
<!-- Generated by org.testng.reporters.JUnitReportReporter -->
<testsuite hostname="Sarthak-Dayanands-MacBook-Pro-2.local" failures="0" tests="1" name="runners.Runner" time="0.091" errors="1" timestamp="2023-06-02T19:54:54 BST" skipped="0">
  <testcase classname="runners.Runner" name="runScenario" time="0.091">
    <error message="Cannot invoke &quot;org.openqa.selenium.WebDriver.get(String)&quot; because &quot;this.driver&quot; is null" type="java.lang.NullPointerException">
      <![CDATA[java.lang.NullPointerException: Cannot invoke "org.openqa.selenium.WebDriver.get(String)" because "this.driver" is null
at step_defs.StepDefinitions.i_navigate_to_google_home_page(StepDefinitions.java:32)
at âœ½.I navigate to google home page(file:///Users/sarthakdayanand/Documents/HMRCDigital/DevWorkspace/TestAutomationDemo/src/test/resources/features/demo.feature:5)
]]>
    </error>
  </testcase> <!-- runScenario -->
</testsuite> <!-- runners.Runner -->
